\BOOKMARK [0][-]{chapter.1}{\376\377\000S\000e\000c\000t\000i\000o\000n\000i\000n\000g\000\040\000E\000l\000e\000m\000e\000n\000t\000s}{}% 1
\BOOKMARK [1][-]{section.1.1}{\376\377\000N\000o\000r\000m\000a\000l\000\040\000s\000u\000b\000s\000e\000c\000t\000i\000o\000n\000s}{chapter.1}% 2
\BOOKMARK [1][-]{section.1.2}{\376\377\000M\000a\000n\000S\000e\000c\000t\000i\000o\000n\000s}{chapter.1}% 3
\BOOKMARK [0][-]{chapter.2}{\376\377\000O\000t\000h\000e\000r\000\040\000M\000a\000r\000k\000u\000p}{}% 4
\BOOKMARK [1][-]{section.2.1}{\376\377\000V\000a\000r\000i\000o\000u\000s\000\040\000t\000y\000p\000e\000s\000\040\000o\000f\000\040\000t\000e\000x\000t}{chapter.2}% 5
\BOOKMARK [1][-]{section.2.2}{\376\377\000F\000o\000r\000m\000u\000l\000a\000e}{chapter.2}% 6
\BOOKMARK [1][-]{section.2.3}{\376\377\000C\000r\000o\000s\000s\000r\000e\000f\000e\000r\000e\000n\000c\000i\000n\000g}{chapter.2}% 7
\BOOKMARK [1][-]{section.2.4}{\376\377\000L\000i\000s\000t\000s\000\040\000a\000n\000d\000\040\000T\000a\000b\000l\000e\000s}{chapter.2}% 8
\BOOKMARK [1][-]{section.2.5}{\376\377\000E\000n\000t\000i\000t\000i\000e\000s\000\040\000a\000n\000d\000\040\000S\000p\000e\000c\000i\000a\000l\000\040\000C\000h\000a\000r\000a\000c\000t\000e\000r\000s}{chapter.2}% 9
\BOOKMARK [0][-]{appendix.A}{\376\377\000A\000n\000\040\000A\000p\000p\000e\000n\000d\000i\000x}{}% 10
\BOOKMARK [0][-]{appendix.B}{\376\377\000T\000h\000e\000\040\000S\000o\000u\000r\000c\000e}{}% 11
\BOOKMARK [1][-]{section.B.1}{\376\377\000T\000i\000t\000l\000e\000P\000a\000g\000e\000\040\000\050\000S\000o\000u\000r\000c\000e\000\051}{appendix.B}% 12
\BOOKMARK [1][-]{section.B.2}{\376\377\000B\000e\000f\000o\000r\000e\000\040\000F\000i\000r\000s\000t\000\040\000C\000h\000a\000p\000t\000e\000r\000\040\000\050\000S\000o\000u\000r\000c\000e\000\051}{appendix.B}% 13
\BOOKMARK [1][-]{section.B.3}{\376\377\000F\000i\000r\000s\000t\000\040\000C\000h\000a\000p\000t\000e\000r\000\040\000\050\000S\000o\000u\000r\000c\000e\000\051}{appendix.B}% 14
\BOOKMARK [1][-]{section.B.4}{\376\377\000M\000a\000n\000S\000e\000c\000t\000i\000o\000n\000s\000\040\000\050\000S\000o\000u\000r\000c\000e\000\051}{appendix.B}% 15
\BOOKMARK [1][-]{section.B.5}{\376\377\000V\000a\000r\000i\000o\000u\000s\000\040\000T\000y\000p\000e\000s\000\040\000o\000f\000\040\000T\000e\000x\000t\000\040\000\050\000S\000o\000u\000r\000c\000e\000\051}{appendix.B}% 16
\BOOKMARK [1][-]{section.B.6}{\376\377\000V\000e\000r\000b\000a\000t\000i\000m\0004\0005\000l\000i\000k\000e\000\040\000t\000e\000x\000t\000\040\000\050\000S\000o\000u\000r\000c\000e\000\051}{appendix.B}% 17
\BOOKMARK [1][-]{section.B.7}{\376\377\000F\000o\000r\000m\000u\000l\000a\000e\000\040\000\050\000S\000o\000u\000r\000c\000e\000\051}{appendix.B}% 18
\BOOKMARK [1][-]{section.B.8}{\376\377\000C\000r\000o\000s\000s\000r\000e\000f\000e\000r\000e\000n\000c\000i\000n\000g\000\040\000\050\000S\000o\000u\000r\000c\000e\000\051}{appendix.B}% 19
\BOOKMARK [1][-]{section.B.9}{\376\377\000L\000i\000s\000t\000s\000\040\000a\000n\000d\000\040\000T\000a\000b\000l\000e\000s\000\040\000\050\000S\000o\000u\000r\000c\000e\000\051}{appendix.B}% 20
\BOOKMARK [1][-]{section.B.10}{\376\377\000E\000n\000t\000i\000t\000i\000e\000s\000\040\000a\000n\000d\000\040\000S\000p\000e\000c\000i\000a\000l\000\040\000C\000h\000a\000r\000a\000c\000t\000e\000r\000s\000\040\000\050\000S\000o\000u\000r\000c\000e\000\051}{appendix.B}% 21
\BOOKMARK [1][-]{section.B.11}{\376\377\000A\000p\000p\000e\000n\000d\000i\000x\000\040\000\050\000S\000o\000u\000r\000c\000e\000\051}{appendix.B}% 22
\BOOKMARK [0][-]{appendix*.6}{\376\377\000R\000e\000f\000e\000r\000e\000n\000c\000e\000s}{}% 23
\BOOKMARK [0][-]{section*.7}{\376\377\000I\000n\000d\000e\000x}{}% 24
